[2022-04-25 19:05:12] local.ERROR: No application encryption key has been specified. {"exception":"[object] (Illuminate\\Encryption\\MissingAppKeyException(code: 0): No application encryption key has been specified. at W:\\domains\\bot528\\vendor\\laravel\\framework\\src\\Illuminate\\Encryption\\EncryptionServiceProvider.php:101)
[stacktrace]
#0 W:\\domains\\bot528\\vendor\\laravel\\framework\\src\\Illuminate\\Support\\helpers.php(263): Illuminate\\Encryption\\EncryptionServiceProvider->Illuminate\\Encryption\\{closure}('')
#1 W:\\domains\\bot528\\vendor\\laravel\\framework\\src\\Illuminate\\Encryption\\EncryptionServiceProvider.php(103): tap('', Object(Closure))
#2 W:\\domains\\bot528\\vendor\\laravel\\framework\\src\\Illuminate\\Encryption\\EncryptionServiceProvider.php(82): Illuminate\\Encryption\\EncryptionServiceProvider->key(Array)
#3 W:\\domains\\bot528\\vendor\\laravel\\framework\\src\\Illuminate\\Encryption\\EncryptionServiceProvider.php(34): Illuminate\\Encryption\\EncryptionServiceProvider->parseKey(Array)
#4 W:\\domains\\bot528\\vendor\\laravel\\framework\\src\\Illuminate\\Container\\Container.php(873): Illuminate\\Encryption\\EncryptionServiceProvider->Illuminate\\Encryption\\{closure}(Object(Illuminate\\Foundation\\Application), Array)
#5 W:\\domains\\bot528\\vendor\\laravel\\framework\\src\\Illuminate\\Container\\Container.php(758): Illuminate\\Container\\Container->build(Object(Closure))
#6 W:\\domains\\bot528\\vendor\\laravel\\framework\\src\\Illuminate\\Foundation\\Application.php(851): Illuminate\\Container\\Container->resolve('encrypter', Array, true)
#7 W:\\domains\\bot528\\vendor\\laravel\\framework\\src\\Illuminate\\Container\\Container.php(694): Illuminate\\Foundation\\Application->resolve('encrypter', Array)
#8 W:\\domains\\bot528\\vendor\\laravel\\framework\\src\\Illuminate\\Foundation\\Application.php(836): Illuminate\\Container\\Container->make('encrypter', Array)
#9 W:\\domains\\bot528\\vendor\\laravel\\framework\\src\\Illuminate\\Container\\Container.php(1027): Illuminate\\Foundation\\Application->make('encrypter')
#10 W:\\domains\\bot528\\vendor\\laravel\\framework\\src\\Illuminate\\Container\\Container.php(947): Illuminate\\Container\\Container->resolveClass(Object(ReflectionParameter))
#11 W:\\domains\\bot528\\vendor\\laravel\\framework\\src\\Illuminate\\Container\\Container.php(908): Illuminate\\Container\\Container->resolveDependencies(Array)
#12 W:\\domains\\bot528\\vendor\\laravel\\framework\\src\\Illuminate\\Container\\Container.php(758): Illuminate\\Container\\Container->build('App\\\\Http\\\\Middle...')
#13 W:\\domains\\bot528\\vendor\\laravel\\framework\\src\\Illuminate\\Foundation\\Application.php(851): Illuminate\\Container\\Container->resolve('App\\\\Http\\\\Middle...', Array, true)
#14 W:\\domains\\bot528\\vendor\\laravel\\framework\\src\\Illuminate\\Container\\Container.php(694): Illuminate\\Foundation\\Application->resolve('App\\\\Http\\\\Middle...', Array)
#15 W:\\domains\\bot528\\vendor\\laravel\\framework\\src\\Illuminate\\Foundation\\Application.php(836): Illuminate\\Container\\Container->make('App\\\\Http\\\\Middle...', Array)
#16 W:\\domains\\bot528\\vendor\\laravel\\framework\\src\\Illuminate\\Pipeline\\Pipeline.php(156): Illuminate\\Foundation\\Application->make('App\\\\Http\\\\Middle...')
#17 W:\\domains\\bot528\\vendor\\laravel\\framework\\src\\Illuminate\\Pipeline\\Pipeline.php(103): Illuminate\\Pipeline\\Pipeline->Illuminate\\Pipeline\\{closure}(Object(Illuminate\\Http\\Request))
#18 W:\\domains\\bot528\\vendor\\laravel\\framework\\src\\Illuminate\\Routing\\Router.php(723): Illuminate\\Pipeline\\Pipeline->then(Object(Closure))
#19 W:\\domains\\bot528\\vendor\\laravel\\framework\\src\\Illuminate\\Routing\\Router.php(698): Illuminate\\Routing\\Router->runRouteWithinStack(Object(Illuminate\\Routing\\Route), Object(Illuminate\\Http\\Request))
#20 W:\\domains\\bot528\\vendor\\laravel\\framework\\src\\Illuminate\\Routing\\Router.php(662): Illuminate\\Routing\\Router->runRoute(Object(Illuminate\\Http\\Request), Object(Illuminate\\Routing\\Route))
#21 W:\\domains\\bot528\\vendor\\laravel\\framework\\src\\Illuminate\\Routing\\Router.php(651): Illuminate\\Routing\\Router->dispatchToRoute(Object(Illuminate\\Http\\Request))
#22 W:\\domains\\bot528\\vendor\\laravel\\framework\\src\\Illuminate\\Foundation\\Http\\Kernel.php(167): Illuminate\\Routing\\Router->dispatch(Object(Illuminate\\Http\\Request))
#23 W:\\domains\\bot528\\vendor\\laravel\\framework\\src\\Illuminate\\Pipeline\\Pipeline.php(128): Illuminate\\Foundation\\Http\\Kernel->Illuminate\\Foundation\\Http\\{closure}(Object(Illuminate\\Http\\Request))
#24 W:\\domains\\bot528\\vendor\\laravel\\framework\\src\\Illuminate\\Foundation\\Http\\Middleware\\TransformsRequest.php(21): Illuminate\\Pipeline\\Pipeline->Illuminate\\Pipeline\\{closure}(Object(Illuminate\\Http\\Request))
#25 W:\\domains\\bot528\\vendor\\laravel\\framework\\src\\Illuminate\\Foundation\\Http\\Middleware\\ConvertEmptyStringsToNull.php(31): Illuminate\\Foundation\\Http\\Middleware\\TransformsRequest->handle(Object(Illuminate\\Http\\Request), Object(Closure))
#26 W:\\domains\\bot528\\vendor\\laravel\\framework\\src\\Illuminate\\Pipeline\\Pipeline.php(167): Illuminate\\Foundation\\Http\\Middleware\\ConvertEmptyStringsToNull->handle(Object(Illuminate\\Http\\Request), Object(Closure))
#27 W:\\domains\\bot528\\vendor\\laravel\\framework\\src\\Illuminate\\Foundation\\Http\\Middleware\\TransformsRequest.php(21): Illuminate\\Pipeline\\Pipeline->Illuminate\\Pipeline\\{closure}(Object(Illuminate\\Http\\Request))
#28 W:\\domains\\bot528\\vendor\\laravel\\framework\\src\\Illuminate\\Foundation\\Http\\Middleware\\TrimStrings.php(40): Illuminate\\Foundation\\Http\\Middleware\\TransformsRequest->handle(Object(Illuminate\\Http\\Request), Object(Closure))
#29 W:\\domains\\bot528\\vendor\\laravel\\framework\\src\\Illuminate\\Pipeline\\Pipeline.php(167): Illuminate\\Foundation\\Http\\Middleware\\TrimStrings->handle(Object(Illuminate\\Http\\Request), Object(Closure))
#30 W:\\domains\\bot528\\vendor\\laravel\\framework\\src\\Illuminate\\Foundation\\Http\\Middleware\\ValidatePostSize.php(27): Illuminate\\Pipeline\\Pipeline->Illuminate\\Pipeline\\{closure}(Object(Illuminate\\Http\\Request))
#31 W:\\domains\\bot528\\vendor\\laravel\\framework\\src\\Illuminate\\Pipeline\\Pipeline.php(167): Illuminate\\Foundation\\Http\\Middleware\\ValidatePostSize->handle(Object(Illuminate\\Http\\Request), Object(Closure))
#32 W:\\domains\\bot528\\vendor\\laravel\\framework\\src\\Illuminate\\Foundation\\Http\\Middleware\\PreventRequestsDuringMaintenance.php(86): Illuminate\\Pipeline\\Pipeline->Illuminate\\Pipeline\\{closure}(Object(Illuminate\\Http\\Request))
#33 W:\\domains\\bot528\\vendor\\laravel\\framework\\src\\Illuminate\\Pipeline\\Pipeline.php(167): Illuminate\\Foundation\\Http\\Middleware\\PreventRequestsDuringMaintenance->handle(Object(Illuminate\\Http\\Request), Object(Closure))
#34 W:\\domains\\bot528\\vendor\\fruitcake\\laravel-cors\\src\\HandleCors.php(38): Illuminate\\Pipeline\\Pipeline->Illuminate\\Pipeline\\{closure}(Object(Illuminate\\Http\\Request))
#35 W:\\domains\\bot528\\vendor\\laravel\\framework\\src\\Illuminate\\Pipeline\\Pipeline.php(167): Fruitcake\\Cors\\HandleCors->handle(Object(Illuminate\\Http\\Request), Object(Closure))
#36 W:\\domains\\bot528\\vendor\\laravel\\framework\\src\\Illuminate\\Http\\Middleware\\TrustProxies.php(39): Illuminate\\Pipeline\\Pipeline->Illuminate\\Pipeline\\{closure}(Object(Illuminate\\Http\\Request))
#37 W:\\domains\\bot528\\vendor\\laravel\\framework\\src\\Illuminate\\Pipeline\\Pipeline.php(167): Illuminate\\Http\\Middleware\\TrustProxies->handle(Object(Illuminate\\Http\\Request), Object(Closure))
#38 W:\\domains\\bot528\\vendor\\laravel\\framework\\src\\Illuminate\\Pipeline\\Pipeline.php(103): Illuminate\\Pipeline\\Pipeline->Illuminate\\Pipeline\\{closure}(Object(Illuminate\\Http\\Request))
#39 W:\\domains\\bot528\\vendor\\laravel\\framework\\src\\Illuminate\\Foundation\\Http\\Kernel.php(142): Illuminate\\Pipeline\\Pipeline->then(Object(Closure))
#40 W:\\domains\\bot528\\vendor\\laravel\\framework\\src\\Illuminate\\Foundation\\Http\\Kernel.php(111): Illuminate\\Foundation\\Http\\Kernel->sendRequestThroughRouter(Object(Illuminate\\Http\\Request))
#41 W:\\domains\\bot528\\public\\index.php(52): Illuminate\\Foundation\\Http\\Kernel->handle(Object(Illuminate\\Http\\Request))
#42 W:\\domains\\bot528\\server.php(21): require_once('W:\\\\domains\\\\bot5...')
#43 {main}
"} 
[2022-04-25 19:05:12] local.ERROR: No application encryption key has been specified. {"exception":"[object] (Illuminate\\Encryption\\MissingAppKeyException(code: 0): No application encryption key has been specified. at W:\\domains\\bot528\\vendor\\laravel\\framework\\src\\Illuminate\\Encryption\\EncryptionServiceProvider.php:101)
[stacktrace]
#0 W:\\domains\\bot528\\vendor\\laravel\\framework\\src\\Illuminate\\Support\\helpers.php(263): Illuminate\\Encryption\\EncryptionServiceProvider->Illuminate\\Encryption\\{closure}('')
#1 W:\\domains\\bot528\\vendor\\laravel\\framework\\src\\Illuminate\\Encryption\\EncryptionServiceProvider.php(103): tap('', Object(Closure))
#2 W:\\domains\\bot528\\vendor\\laravel\\framework\\src\\Illuminate\\Encryption\\EncryptionServiceProvider.php(82): Illuminate\\Encryption\\EncryptionServiceProvider->key(Array)
#3 W:\\domains\\bot528\\vendor\\laravel\\framework\\src\\Illuminate\\Encryption\\EncryptionServiceProvider.php(34): Illuminate\\Encryption\\EncryptionServiceProvider->parseKey(Array)
#4 W:\\domains\\bot528\\vendor\\laravel\\framework\\src\\Illuminate\\Container\\Container.php(873): Illuminate\\Encryption\\EncryptionServiceProvider->Illuminate\\Encryption\\{closure}(Object(Illuminate\\Foundation\\Application), Array)
#5 W:\\domains\\bot528\\vendor\\laravel\\framework\\src\\Illuminate\\Container\\Container.php(758): Illuminate\\Container\\Container->build(Object(Closure))
#6 W:\\domains\\bot528\\vendor\\laravel\\framework\\src\\Illuminate\\Foundation\\Application.php(851): Illuminate\\Container\\Container->resolve('encrypter', Array, true)
#7 W:\\domains\\bot528\\vendor\\laravel\\framework\\src\\Illuminate\\Container\\Container.php(694): Illuminate\\Foundation\\Application->resolve('encrypter', Array)
#8 W:\\domains\\bot528\\vendor\\laravel\\framework\\src\\Illuminate\\Foundation\\Application.php(836): Illuminate\\Container\\Container->make('encrypter', Array)
#9 W:\\domains\\bot528\\vendor\\laravel\\framework\\src\\Illuminate\\Container\\Container.php(1027): Illuminate\\Foundation\\Application->make('encrypter')
#10 W:\\domains\\bot528\\vendor\\laravel\\framework\\src\\Illuminate\\Container\\Container.php(947): Illuminate\\Container\\Container->resolveClass(Object(ReflectionParameter))
#11 W:\\domains\\bot528\\vendor\\laravel\\framework\\src\\Illuminate\\Container\\Container.php(908): Illuminate\\Container\\Container->resolveDependencies(Array)
#12 W:\\domains\\bot528\\vendor\\laravel\\framework\\src\\Illuminate\\Container\\Container.php(758): Illuminate\\Container\\Container->build('App\\\\Http\\\\Middle...')
#13 W:\\domains\\bot528\\vendor\\laravel\\framework\\src\\Illuminate\\Foundation\\Application.php(851): Illuminate\\Container\\Container->resolve('App\\\\Http\\\\Middle...', Array, true)
#14 W:\\domains\\bot528\\vendor\\laravel\\framework\\src\\Illuminate\\Container\\Container.php(694): Illuminate\\Foundation\\Application->resolve('App\\\\Http\\\\Middle...', Array)
#15 W:\\domains\\bot528\\vendor\\laravel\\framework\\src\\Illuminate\\Foundation\\Application.php(836): Illuminate\\Container\\Container->make('App\\\\Http\\\\Middle...', Array)
#16 W:\\domains\\bot528\\vendor\\laravel\\framework\\src\\Illuminate\\Foundation\\Http\\Kernel.php(206): Illuminate\\Foundation\\Application->make('App\\\\Http\\\\Middle...')
#17 W:\\domains\\bot528\\vendor\\laravel\\framework\\src\\Illuminate\\Foundation\\Http\\Kernel.php(180): Illuminate\\Foundation\\Http\\Kernel->terminateMiddleware(Object(Illuminate\\Http\\Request), Object(Illuminate\\Http\\Response))
#18 W:\\domains\\bot528\\public\\index.php(55): Illuminate\\Foundation\\Http\\Kernel->terminate(Object(Illuminate\\Http\\Request), Object(Illuminate\\Http\\Response))
#19 W:\\domains\\bot528\\server.php(21): require_once('W:\\\\domains\\\\bot5...')
#20 {main}
"} 
[2022-04-25 19:06:03] local.ERROR: There are no commands defined in the "nova" namespace. {"exception":"[object] (Symfony\\Component\\Console\\Exception\\NamespaceNotFoundException(code: 0): There are no commands defined in the \"nova\" namespace. at W:\\domains\\bot528\\vendor\\symfony\\console\\Application.php:639)
[stacktrace]
#0 W:\\domains\\bot528\\vendor\\symfony\\console\\Application.php(690): Symfony\\Component\\Console\\Application->findNamespace('nova')
#1 W:\\domains\\bot528\\vendor\\symfony\\console\\Application.php(259): Symfony\\Component\\Console\\Application->find('nova:install')
#2 W:\\domains\\bot528\\vendor\\symfony\\console\\Application.php(171): Symfony\\Component\\Console\\Application->doRun(Object(Symfony\\Component\\Console\\Input\\ArgvInput), Object(Symfony\\Component\\Console\\Output\\ConsoleOutput))
#3 W:\\domains\\bot528\\vendor\\laravel\\framework\\src\\Illuminate\\Console\\Application.php(94): Symfony\\Component\\Console\\Application->run(Object(Symfony\\Component\\Console\\Input\\ArgvInput), Object(Symfony\\Component\\Console\\Output\\ConsoleOutput))
#4 W:\\domains\\bot528\\vendor\\laravel\\framework\\src\\Illuminate\\Foundation\\Console\\Kernel.php(129): Illuminate\\Console\\Application->run(Object(Symfony\\Component\\Console\\Input\\ArgvInput), Object(Symfony\\Component\\Console\\Output\\ConsoleOutput))
#5 W:\\domains\\bot528\\artisan(37): Illuminate\\Foundation\\Console\\Kernel->handle(Object(Symfony\\Component\\Console\\Input\\ArgvInput), Object(Symfony\\Component\\Console\\Output\\ConsoleOutput))
#6 {main}
"} 
[2022-04-25 19:06:46] local.ERROR: There are no commands defined in the "nova" namespace. {"exception":"[object] (Symfony\\Component\\Console\\Exception\\NamespaceNotFoundException(code: 0): There are no commands defined in the \"nova\" namespace. at W:\\domains\\bot528\\vendor\\symfony\\console\\Application.php:639)
[stacktrace]
#0 W:\\domains\\bot528\\vendor\\symfony\\console\\Application.php(690): Symfony\\Component\\Console\\Application->findNamespace('nova')
#1 W:\\domains\\bot528\\vendor\\symfony\\console\\Application.php(259): Symfony\\Component\\Console\\Application->find('nova:install')
#2 W:\\domains\\bot528\\vendor\\symfony\\console\\Application.php(171): Symfony\\Component\\Console\\Application->doRun(Object(Symfony\\Component\\Console\\Input\\ArgvInput), Object(Symfony\\Component\\Console\\Output\\ConsoleOutput))
#3 W:\\domains\\bot528\\vendor\\laravel\\framework\\src\\Illuminate\\Console\\Application.php(94): Symfony\\Component\\Console\\Application->run(Object(Symfony\\Component\\Console\\Input\\ArgvInput), Object(Symfony\\Component\\Console\\Output\\ConsoleOutput))
#4 W:\\domains\\bot528\\vendor\\laravel\\framework\\src\\Illuminate\\Foundation\\Console\\Kernel.php(129): Illuminate\\Console\\Application->run(Object(Symfony\\Component\\Console\\Input\\ArgvInput), Object(Symfony\\Component\\Console\\Output\\ConsoleOutput))
#5 W:\\domains\\bot528\\artisan(37): Illuminate\\Foundation\\Console\\Kernel->handle(Object(Symfony\\Component\\Console\\Input\\ArgvInput), Object(Symfony\\Component\\Console\\Output\\ConsoleOutput))
#6 {main}
"} 
[2022-04-25 19:07:26] local.ERROR: There are no commands defined in the "nova" namespace. {"exception":"[object] (Symfony\\Component\\Console\\Exception\\NamespaceNotFoundException(code: 0): There are no commands defined in the \"nova\" namespace. at W:\\domains\\bot528\\vendor\\symfony\\console\\Application.php:639)
[stacktrace]
#0 W:\\domains\\bot528\\vendor\\symfony\\console\\Application.php(690): Symfony\\Component\\Console\\Application->findNamespace('nova')
#1 W:\\domains\\bot528\\vendor\\symfony\\console\\Application.php(259): Symfony\\Component\\Console\\Application->find('nova:install')
#2 W:\\domains\\bot528\\vendor\\symfony\\console\\Application.php(171): Symfony\\Component\\Console\\Application->doRun(Object(Symfony\\Component\\Console\\Input\\ArgvInput), Object(Symfony\\Component\\Console\\Output\\ConsoleOutput))
#3 W:\\domains\\bot528\\vendor\\laravel\\framework\\src\\Illuminate\\Console\\Application.php(94): Symfony\\Component\\Console\\Application->run(Object(Symfony\\Component\\Console\\Input\\ArgvInput), Object(Symfony\\Component\\Console\\Output\\ConsoleOutput))
#4 W:\\domains\\bot528\\vendor\\laravel\\framework\\src\\Illuminate\\Foundation\\Console\\Kernel.php(129): Illuminate\\Console\\Application->run(Object(Symfony\\Component\\Console\\Input\\ArgvInput), Object(Symfony\\Component\\Console\\Output\\ConsoleOutput))
#5 W:\\domains\\bot528\\artisan(37): Illuminate\\Foundation\\Console\\Kernel->handle(Object(Symfony\\Component\\Console\\Input\\ArgvInput), Object(Symfony\\Component\\Console\\Output\\ConsoleOutput))
#6 {main}
"} 
[2022-04-25 19:07:30] local.ERROR: Command "install" is not defined.

Did you mean one of these?
    migrate:install
    sail:install {"exception":"[object] (Symfony\\Component\\Console\\Exception\\CommandNotFoundException(code: 0): Command \"install\" is not defined.

Did you mean one of these?
    migrate:install
    sail:install at W:\\domains\\bot528\\vendor\\symfony\\console\\Application.php:709)
[stacktrace]
#0 W:\\domains\\bot528\\vendor\\symfony\\console\\Application.php(259): Symfony\\Component\\Console\\Application->find('install')
#1 W:\\domains\\bot528\\vendor\\symfony\\console\\Application.php(171): Symfony\\Component\\Console\\Application->doRun(Object(Symfony\\Component\\Console\\Input\\ArgvInput), Object(Symfony\\Component\\Console\\Output\\ConsoleOutput))
#2 W:\\domains\\bot528\\vendor\\laravel\\framework\\src\\Illuminate\\Console\\Application.php(94): Symfony\\Component\\Console\\Application->run(Object(Symfony\\Component\\Console\\Input\\ArgvInput), Object(Symfony\\Component\\Console\\Output\\ConsoleOutput))
#3 W:\\domains\\bot528\\vendor\\laravel\\framework\\src\\Illuminate\\Foundation\\Console\\Kernel.php(129): Illuminate\\Console\\Application->run(Object(Symfony\\Component\\Console\\Input\\ArgvInput), Object(Symfony\\Component\\Console\\Output\\ConsoleOutput))
#4 W:\\domains\\bot528\\artisan(37): Illuminate\\Foundation\\Console\\Kernel->handle(Object(Symfony\\Component\\Console\\Input\\ArgvInput), Object(Symfony\\Component\\Console\\Output\\ConsoleOutput))
#5 {main}
"} 
[2022-04-25 19:12:56] local.ERROR: There are no commands defined in the "nova" namespace. {"exception":"[object] (Symfony\\Component\\Console\\Exception\\NamespaceNotFoundException(code: 0): There are no commands defined in the \"nova\" namespace. at W:\\domains\\bot528\\vendor\\symfony\\console\\Application.php:639)
[stacktrace]
#0 W:\\domains\\bot528\\vendor\\symfony\\console\\Application.php(690): Symfony\\Component\\Console\\Application->findNamespace('nova')
#1 W:\\domains\\bot528\\vendor\\symfony\\console\\Application.php(259): Symfony\\Component\\Console\\Application->find('nova:install')
#2 W:\\domains\\bot528\\vendor\\symfony\\console\\Application.php(171): Symfony\\Component\\Console\\Application->doRun(Object(Symfony\\Component\\Console\\Input\\ArgvInput), Object(Symfony\\Component\\Console\\Output\\ConsoleOutput))
#3 W:\\domains\\bot528\\vendor\\laravel\\framework\\src\\Illuminate\\Console\\Application.php(94): Symfony\\Component\\Console\\Application->run(Object(Symfony\\Component\\Console\\Input\\ArgvInput), Object(Symfony\\Component\\Console\\Output\\ConsoleOutput))
#4 W:\\domains\\bot528\\vendor\\laravel\\framework\\src\\Illuminate\\Foundation\\Console\\Kernel.php(129): Illuminate\\Console\\Application->run(Object(Symfony\\Component\\Console\\Input\\ArgvInput), Object(Symfony\\Component\\Console\\Output\\ConsoleOutput))
#5 W:\\domains\\bot528\\artisan(37): Illuminate\\Foundation\\Console\\Kernel->handle(Object(Symfony\\Component\\Console\\Input\\ArgvInput), Object(Symfony\\Component\\Console\\Output\\ConsoleOutput))
#6 {main}
"} 
[2022-04-25 19:15:59] local.ERROR: There are no commands defined in the "nova" namespace. {"exception":"[object] (Symfony\\Component\\Console\\Exception\\NamespaceNotFoundException(code: 0): There are no commands defined in the \"nova\" namespace. at W:\\domains\\bot528\\vendor\\symfony\\console\\Application.php:639)
[stacktrace]
#0 W:\\domains\\bot528\\vendor\\symfony\\console\\Application.php(690): Symfony\\Component\\Console\\Application->findNamespace('nova')
#1 W:\\domains\\bot528\\vendor\\symfony\\console\\Application.php(259): Symfony\\Component\\Console\\Application->find('nova:install')
#2 W:\\domains\\bot528\\vendor\\symfony\\console\\Application.php(171): Symfony\\Component\\Console\\Application->doRun(Object(Symfony\\Component\\Console\\Input\\ArgvInput), Object(Symfony\\Component\\Console\\Output\\ConsoleOutput))
#3 W:\\domains\\bot528\\vendor\\laravel\\framework\\src\\Illuminate\\Console\\Application.php(94): Symfony\\Component\\Console\\Application->run(Object(Symfony\\Component\\Console\\Input\\ArgvInput), Object(Symfony\\Component\\Console\\Output\\ConsoleOutput))
#4 W:\\domains\\bot528\\vendor\\laravel\\framework\\src\\Illuminate\\Foundation\\Console\\Kernel.php(129): Illuminate\\Console\\Application->run(Object(Symfony\\Component\\Console\\Input\\ArgvInput), Object(Symfony\\Component\\Console\\Output\\ConsoleOutput))
#5 W:\\domains\\bot528\\artisan(37): Illuminate\\Foundation\\Console\\Kernel->handle(Object(Symfony\\Component\\Console\\Input\\ArgvInput), Object(Symfony\\Component\\Console\\Output\\ConsoleOutput))
#6 {main}
"} 
[2022-04-25 19:21:51] local.ERROR: Class 'Facade\Ignition\IgnitionServiceProvider' not found {"exception":"[object] (Error(code: 0): Class 'Facade\\Ignition\\IgnitionServiceProvider' not found at W:\\domains\\bot528\\vendor\\laravel\\framework\\src\\Illuminate\\Foundation\\Application.php:745)
[stacktrace]
#0 W:\\domains\\bot528\\vendor\\laravel\\framework\\src\\Illuminate\\Foundation\\Application.php(679): Illuminate\\Foundation\\Application->resolveProvider('Facade\\\\Ignition...')
#1 W:\\domains\\bot528\\vendor\\laravel\\framework\\src\\Illuminate\\Foundation\\ProviderRepository.php(75): Illuminate\\Foundation\\Application->register('Facade\\\\Ignition...')
#2 W:\\domains\\bot528\\vendor\\laravel\\framework\\src\\Illuminate\\Foundation\\Application.php(659): Illuminate\\Foundation\\ProviderRepository->load(Array)
#3 W:\\domains\\bot528\\vendor\\laravel\\framework\\src\\Illuminate\\Foundation\\Bootstrap\\RegisterProviders.php(17): Illuminate\\Foundation\\Application->registerConfiguredProviders()
#4 W:\\domains\\bot528\\vendor\\laravel\\framework\\src\\Illuminate\\Foundation\\Application.php(237): Illuminate\\Foundation\\Bootstrap\\RegisterProviders->bootstrap(Object(Illuminate\\Foundation\\Application))
#5 W:\\domains\\bot528\\vendor\\laravel\\framework\\src\\Illuminate\\Foundation\\Console\\Kernel.php(310): Illuminate\\Foundation\\Application->bootstrapWith(Array)
#6 W:\\domains\\bot528\\vendor\\laravel\\framework\\src\\Illuminate\\Foundation\\Console\\Kernel.php(127): Illuminate\\Foundation\\Console\\Kernel->bootstrap()
#7 W:\\domains\\bot528\\artisan(37): Illuminate\\Foundation\\Console\\Kernel->handle(Object(Symfony\\Component\\Console\\Input\\ArgvInput), Object(Symfony\\Component\\Console\\Output\\ConsoleOutput))
#8 {main}
"} 
[2022-04-25 19:23:29] local.ERROR: Class 'Facade\Ignition\IgnitionServiceProvider' not found {"exception":"[object] (Error(code: 0): Class 'Facade\\Ignition\\IgnitionServiceProvider' not found at W:\\domains\\bot528\\vendor\\laravel\\framework\\src\\Illuminate\\Foundation\\Application.php:745)
[stacktrace]
#0 W:\\domains\\bot528\\vendor\\laravel\\framework\\src\\Illuminate\\Foundation\\Application.php(679): Illuminate\\Foundation\\Application->resolveProvider('Facade\\\\Ignition...')
#1 W:\\domains\\bot528\\vendor\\laravel\\framework\\src\\Illuminate\\Foundation\\ProviderRepository.php(75): Illuminate\\Foundation\\Application->register('Facade\\\\Ignition...')
#2 W:\\domains\\bot528\\vendor\\laravel\\framework\\src\\Illuminate\\Foundation\\Application.php(659): Illuminate\\Foundation\\ProviderRepository->load(Array)
#3 W:\\domains\\bot528\\vendor\\laravel\\framework\\src\\Illuminate\\Foundation\\Bootstrap\\RegisterProviders.php(17): Illuminate\\Foundation\\Application->registerConfiguredProviders()
#4 W:\\domains\\bot528\\vendor\\laravel\\framework\\src\\Illuminate\\Foundation\\Application.php(237): Illuminate\\Foundation\\Bootstrap\\RegisterProviders->bootstrap(Object(Illuminate\\Foundation\\Application))
#5 W:\\domains\\bot528\\vendor\\laravel\\framework\\src\\Illuminate\\Foundation\\Console\\Kernel.php(310): Illuminate\\Foundation\\Application->bootstrapWith(Array)
#6 W:\\domains\\bot528\\vendor\\laravel\\framework\\src\\Illuminate\\Foundation\\Console\\Kernel.php(127): Illuminate\\Foundation\\Console\\Kernel->bootstrap()
#7 W:\\domains\\bot528\\artisan(37): Illuminate\\Foundation\\Console\\Kernel->handle(Object(Symfony\\Component\\Console\\Input\\ArgvInput), Object(Symfony\\Component\\Console\\Output\\ConsoleOutput))
#8 {main}
"} 
[2022-04-25 19:23:37] local.ERROR: Class 'Facade\Ignition\IgnitionServiceProvider' not found {"exception":"[object] (Error(code: 0): Class 'Facade\\Ignition\\IgnitionServiceProvider' not found at W:\\domains\\bot528\\vendor\\laravel\\framework\\src\\Illuminate\\Foundation\\Application.php:745)
[stacktrace]
#0 W:\\domains\\bot528\\vendor\\laravel\\framework\\src\\Illuminate\\Foundation\\Application.php(679): Illuminate\\Foundation\\Application->resolveProvider('Facade\\\\Ignition...')
#1 W:\\domains\\bot528\\vendor\\laravel\\framework\\src\\Illuminate\\Foundation\\ProviderRepository.php(75): Illuminate\\Foundation\\Application->register('Facade\\\\Ignition...')
#2 W:\\domains\\bot528\\vendor\\laravel\\framework\\src\\Illuminate\\Foundation\\Application.php(659): Illuminate\\Foundation\\ProviderRepository->load(Array)
#3 W:\\domains\\bot528\\vendor\\laravel\\framework\\src\\Illuminate\\Foundation\\Bootstrap\\RegisterProviders.php(17): Illuminate\\Foundation\\Application->registerConfiguredProviders()
#4 W:\\domains\\bot528\\vendor\\laravel\\framework\\src\\Illuminate\\Foundation\\Application.php(237): Illuminate\\Foundation\\Bootstrap\\RegisterProviders->bootstrap(Object(Illuminate\\Foundation\\Application))
#5 W:\\domains\\bot528\\vendor\\laravel\\framework\\src\\Illuminate\\Foundation\\Console\\Kernel.php(310): Illuminate\\Foundation\\Application->bootstrapWith(Array)
#6 W:\\domains\\bot528\\vendor\\laravel\\framework\\src\\Illuminate\\Foundation\\Console\\Kernel.php(127): Illuminate\\Foundation\\Console\\Kernel->bootstrap()
#7 W:\\domains\\bot528\\artisan(37): Illuminate\\Foundation\\Console\\Kernel->handle(Object(Symfony\\Component\\Console\\Input\\ArgvInput), Object(Symfony\\Component\\Console\\Output\\ConsoleOutput))
#8 {main}
"} 
[2022-04-25 19:24:10] local.ERROR: Class 'Facade\Ignition\IgnitionServiceProvider' not found {"exception":"[object] (Error(code: 0): Class 'Facade\\Ignition\\IgnitionServiceProvider' not found at W:\\domains\\bot528\\vendor\\laravel\\framework\\src\\Illuminate\\Foundation\\Application.php:745)
[stacktrace]
#0 W:\\domains\\bot528\\vendor\\laravel\\framework\\src\\Illuminate\\Foundation\\Application.php(679): Illuminate\\Foundation\\Application->resolveProvider('Facade\\\\Ignition...')
#1 W:\\domains\\bot528\\vendor\\laravel\\framework\\src\\Illuminate\\Foundation\\ProviderRepository.php(75): Illuminate\\Foundation\\Application->register('Facade\\\\Ignition...')
#2 W:\\domains\\bot528\\vendor\\laravel\\framework\\src\\Illuminate\\Foundation\\Application.php(659): Illuminate\\Foundation\\ProviderRepository->load(Array)
#3 W:\\domains\\bot528\\vendor\\laravel\\framework\\src\\Illuminate\\Foundation\\Bootstrap\\RegisterProviders.php(17): Illuminate\\Foundation\\Application->registerConfiguredProviders()
#4 W:\\domains\\bot528\\vendor\\laravel\\framework\\src\\Illuminate\\Foundation\\Application.php(237): Illuminate\\Foundation\\Bootstrap\\RegisterProviders->bootstrap(Object(Illuminate\\Foundation\\Application))
#5 W:\\domains\\bot528\\vendor\\laravel\\framework\\src\\Illuminate\\Foundation\\Console\\Kernel.php(310): Illuminate\\Foundation\\Application->bootstrapWith(Array)
#6 W:\\domains\\bot528\\vendor\\laravel\\framework\\src\\Illuminate\\Foundation\\Console\\Kernel.php(127): Illuminate\\Foundation\\Console\\Kernel->bootstrap()
#7 W:\\domains\\bot528\\artisan(37): Illuminate\\Foundation\\Console\\Kernel->handle(Object(Symfony\\Component\\Console\\Input\\ArgvInput), Object(Symfony\\Component\\Console\\Output\\ConsoleOutput))
#8 {main}
"} 
[2022-04-25 19:24:35] local.ERROR: Class 'Facade\Ignition\IgnitionServiceProvider' not found {"exception":"[object] (Error(code: 0): Class 'Facade\\Ignition\\IgnitionServiceProvider' not found at W:\\domains\\bot528\\vendor\\laravel\\framework\\src\\Illuminate\\Foundation\\Application.php:745)
[stacktrace]
#0 W:\\domains\\bot528\\vendor\\laravel\\framework\\src\\Illuminate\\Foundation\\Application.php(679): Illuminate\\Foundation\\Application->resolveProvider('Facade\\\\Ignition...')
#1 W:\\domains\\bot528\\vendor\\laravel\\framework\\src\\Illuminate\\Foundation\\ProviderRepository.php(75): Illuminate\\Foundation\\Application->register('Facade\\\\Ignition...')
#2 W:\\domains\\bot528\\vendor\\laravel\\framework\\src\\Illuminate\\Foundation\\Application.php(659): Illuminate\\Foundation\\ProviderRepository->load(Array)
#3 W:\\domains\\bot528\\vendor\\laravel\\framework\\src\\Illuminate\\Foundation\\Bootstrap\\RegisterProviders.php(17): Illuminate\\Foundation\\Application->registerConfiguredProviders()
#4 W:\\domains\\bot528\\vendor\\laravel\\framework\\src\\Illuminate\\Foundation\\Application.php(237): Illuminate\\Foundation\\Bootstrap\\RegisterProviders->bootstrap(Object(Illuminate\\Foundation\\Application))
#5 W:\\domains\\bot528\\vendor\\laravel\\framework\\src\\Illuminate\\Foundation\\Console\\Kernel.php(310): Illuminate\\Foundation\\Application->bootstrapWith(Array)
#6 W:\\domains\\bot528\\vendor\\laravel\\framework\\src\\Illuminate\\Foundation\\Console\\Kernel.php(127): Illuminate\\Foundation\\Console\\Kernel->bootstrap()
#7 W:\\domains\\bot528\\artisan(37): Illuminate\\Foundation\\Console\\Kernel->handle(Object(Symfony\\Component\\Console\\Input\\ArgvInput), Object(Symfony\\Component\\Console\\Output\\ConsoleOutput))
#8 {main}
"} 
[2022-04-25 19:25:02] local.ERROR: Class 'Facade\Ignition\IgnitionServiceProvider' not found {"exception":"[object] (Error(code: 0): Class 'Facade\\Ignition\\IgnitionServiceProvider' not found at W:\\domains\\bot528\\vendor\\laravel\\framework\\src\\Illuminate\\Foundation\\Application.php:745)
[stacktrace]
#0 W:\\domains\\bot528\\vendor\\laravel\\framework\\src\\Illuminate\\Foundation\\Application.php(679): Illuminate\\Foundation\\Application->resolveProvider('Facade\\\\Ignition...')
#1 W:\\domains\\bot528\\vendor\\laravel\\framework\\src\\Illuminate\\Foundation\\ProviderRepository.php(75): Illuminate\\Foundation\\Application->register('Facade\\\\Ignition...')
#2 W:\\domains\\bot528\\vendor\\laravel\\framework\\src\\Illuminate\\Foundation\\Application.php(659): Illuminate\\Foundation\\ProviderRepository->load(Array)
#3 W:\\domains\\bot528\\vendor\\laravel\\framework\\src\\Illuminate\\Foundation\\Bootstrap\\RegisterProviders.php(17): Illuminate\\Foundation\\Application->registerConfiguredProviders()
#4 W:\\domains\\bot528\\vendor\\laravel\\framework\\src\\Illuminate\\Foundation\\Application.php(237): Illuminate\\Foundation\\Bootstrap\\RegisterProviders->bootstrap(Object(Illuminate\\Foundation\\Application))
#5 W:\\domains\\bot528\\vendor\\laravel\\framework\\src\\Illuminate\\Foundation\\Console\\Kernel.php(310): Illuminate\\Foundation\\Application->bootstrapWith(Array)
#6 W:\\domains\\bot528\\vendor\\laravel\\framework\\src\\Illuminate\\Foundation\\Console\\Kernel.php(127): Illuminate\\Foundation\\Console\\Kernel->bootstrap()
#7 W:\\domains\\bot528\\artisan(37): Illuminate\\Foundation\\Console\\Kernel->handle(Object(Symfony\\Component\\Console\\Input\\ArgvInput), Object(Symfony\\Component\\Console\\Output\\ConsoleOutput))
#8 {main}
"} 
[2022-04-25 19:25:07] local.ERROR: Class 'Facade\Ignition\IgnitionServiceProvider' not found {"exception":"[object] (Error(code: 0): Class 'Facade\\Ignition\\IgnitionServiceProvider' not found at W:\\domains\\bot528\\vendor\\laravel\\framework\\src\\Illuminate\\Foundation\\Application.php:745)
[stacktrace]
#0 W:\\domains\\bot528\\vendor\\laravel\\framework\\src\\Illuminate\\Foundation\\Application.php(679): Illuminate\\Foundation\\Application->resolveProvider('Facade\\\\Ignition...')
#1 W:\\domains\\bot528\\vendor\\laravel\\framework\\src\\Illuminate\\Foundation\\ProviderRepository.php(75): Illuminate\\Foundation\\Application->register('Facade\\\\Ignition...')
#2 W:\\domains\\bot528\\vendor\\laravel\\framework\\src\\Illuminate\\Foundation\\Application.php(659): Illuminate\\Foundation\\ProviderRepository->load(Array)
#3 W:\\domains\\bot528\\vendor\\laravel\\framework\\src\\Illuminate\\Foundation\\Bootstrap\\RegisterProviders.php(17): Illuminate\\Foundation\\Application->registerConfiguredProviders()
#4 W:\\domains\\bot528\\vendor\\laravel\\framework\\src\\Illuminate\\Foundation\\Application.php(237): Illuminate\\Foundation\\Bootstrap\\RegisterProviders->bootstrap(Object(Illuminate\\Foundation\\Application))
#5 W:\\domains\\bot528\\vendor\\laravel\\framework\\src\\Illuminate\\Foundation\\Console\\Kernel.php(310): Illuminate\\Foundation\\Application->bootstrapWith(Array)
#6 W:\\domains\\bot528\\vendor\\laravel\\framework\\src\\Illuminate\\Foundation\\Console\\Kernel.php(127): Illuminate\\Foundation\\Console\\Kernel->bootstrap()
#7 W:\\domains\\bot528\\artisan(37): Illuminate\\Foundation\\Console\\Kernel->handle(Object(Symfony\\Component\\Console\\Input\\ArgvInput), Object(Symfony\\Component\\Console\\Output\\ConsoleOutput))
#8 {main}
"} 
[2022-04-25 19:25:27] local.ERROR: Class 'Facade\Ignition\IgnitionServiceProvider' not found {"exception":"[object] (Error(code: 0): Class 'Facade\\Ignition\\IgnitionServiceProvider' not found at W:\\domains\\bot528\\vendor\\laravel\\framework\\src\\Illuminate\\Foundation\\Application.php:745)
[stacktrace]
#0 W:\\domains\\bot528\\vendor\\laravel\\framework\\src\\Illuminate\\Foundation\\Application.php(679): Illuminate\\Foundation\\Application->resolveProvider('Facade\\\\Ignition...')
#1 W:\\domains\\bot528\\vendor\\laravel\\framework\\src\\Illuminate\\Foundation\\ProviderRepository.php(75): Illuminate\\Foundation\\Application->register('Facade\\\\Ignition...')
#2 W:\\domains\\bot528\\vendor\\laravel\\framework\\src\\Illuminate\\Foundation\\Application.php(659): Illuminate\\Foundation\\ProviderRepository->load(Array)
#3 W:\\domains\\bot528\\vendor\\laravel\\framework\\src\\Illuminate\\Foundation\\Bootstrap\\RegisterProviders.php(17): Illuminate\\Foundation\\Application->registerConfiguredProviders()
#4 W:\\domains\\bot528\\vendor\\laravel\\framework\\src\\Illuminate\\Foundation\\Application.php(237): Illuminate\\Foundation\\Bootstrap\\RegisterProviders->bootstrap(Object(Illuminate\\Foundation\\Application))
#5 W:\\domains\\bot528\\vendor\\laravel\\framework\\src\\Illuminate\\Foundation\\Console\\Kernel.php(310): Illuminate\\Foundation\\Application->bootstrapWith(Array)
#6 W:\\domains\\bot528\\vendor\\laravel\\framework\\src\\Illuminate\\Foundation\\Console\\Kernel.php(127): Illuminate\\Foundation\\Console\\Kernel->bootstrap()
#7 W:\\domains\\bot528\\artisan(37): Illuminate\\Foundation\\Console\\Kernel->handle(Object(Symfony\\Component\\Console\\Input\\ArgvInput), Object(Symfony\\Component\\Console\\Output\\ConsoleOutput))
#8 {main}
"} 
[2022-04-25 19:30:16] local.ERROR: Class 'Facade\Ignition\IgnitionServiceProvider' not found {"exception":"[object] (Error(code: 0): Class 'Facade\\Ignition\\IgnitionServiceProvider' not found at W:\\domains\\bot528\\vendor\\laravel\\framework\\src\\Illuminate\\Foundation\\Application.php:745)
[stacktrace]
#0 W:\\domains\\bot528\\vendor\\laravel\\framework\\src\\Illuminate\\Foundation\\Application.php(679): Illuminate\\Foundation\\Application->resolveProvider('Facade\\\\Ignition...')
#1 W:\\domains\\bot528\\vendor\\laravel\\framework\\src\\Illuminate\\Foundation\\ProviderRepository.php(75): Illuminate\\Foundation\\Application->register('Facade\\\\Ignition...')
#2 W:\\domains\\bot528\\vendor\\laravel\\framework\\src\\Illuminate\\Foundation\\Application.php(659): Illuminate\\Foundation\\ProviderRepository->load(Array)
#3 W:\\domains\\bot528\\vendor\\laravel\\framework\\src\\Illuminate\\Foundation\\Bootstrap\\RegisterProviders.php(17): Illuminate\\Foundation\\Application->registerConfiguredProviders()
#4 W:\\domains\\bot528\\vendor\\laravel\\framework\\src\\Illuminate\\Foundation\\Application.php(237): Illuminate\\Foundation\\Bootstrap\\RegisterProviders->bootstrap(Object(Illuminate\\Foundation\\Application))
#5 W:\\domains\\bot528\\vendor\\laravel\\framework\\src\\Illuminate\\Foundation\\Console\\Kernel.php(310): Illuminate\\Foundation\\Application->bootstrapWith(Array)
#6 W:\\domains\\bot528\\vendor\\laravel\\framework\\src\\Illuminate\\Foundation\\Console\\Kernel.php(127): Illuminate\\Foundation\\Console\\Kernel->bootstrap()
#7 W:\\domains\\bot528\\artisan(37): Illuminate\\Foundation\\Console\\Kernel->handle(Object(Symfony\\Component\\Console\\Input\\ArgvInput), Object(Symfony\\Component\\Console\\Output\\ConsoleOutput))
#8 {main}
"} 
[2022-04-25 19:31:45] local.ERROR: Class 'Facade\Ignition\IgnitionServiceProvider' not found {"exception":"[object] (Error(code: 0): Class 'Facade\\Ignition\\IgnitionServiceProvider' not found at W:\\domains\\bot528\\vendor\\laravel\\framework\\src\\Illuminate\\Foundation\\Application.php:745)
[stacktrace]
#0 W:\\domains\\bot528\\vendor\\laravel\\framework\\src\\Illuminate\\Foundation\\Application.php(679): Illuminate\\Foundation\\Application->resolveProvider('Facade\\\\Ignition...')
#1 W:\\domains\\bot528\\vendor\\laravel\\framework\\src\\Illuminate\\Foundation\\ProviderRepository.php(75): Illuminate\\Foundation\\Application->register('Facade\\\\Ignition...')
#2 W:\\domains\\bot528\\vendor\\laravel\\framework\\src\\Illuminate\\Foundation\\Application.php(659): Illuminate\\Foundation\\ProviderRepository->load(Array)
#3 W:\\domains\\bot528\\vendor\\laravel\\framework\\src\\Illuminate\\Foundation\\Bootstrap\\RegisterProviders.php(17): Illuminate\\Foundation\\Application->registerConfiguredProviders()
#4 W:\\domains\\bot528\\vendor\\laravel\\framework\\src\\Illuminate\\Foundation\\Application.php(237): Illuminate\\Foundation\\Bootstrap\\RegisterProviders->bootstrap(Object(Illuminate\\Foundation\\Application))
#5 W:\\domains\\bot528\\vendor\\laravel\\framework\\src\\Illuminate\\Foundation\\Console\\Kernel.php(310): Illuminate\\Foundation\\Application->bootstrapWith(Array)
#6 W:\\domains\\bot528\\vendor\\laravel\\framework\\src\\Illuminate\\Foundation\\Console\\Kernel.php(127): Illuminate\\Foundation\\Console\\Kernel->bootstrap()
#7 W:\\domains\\bot528\\artisan(37): Illuminate\\Foundation\\Console\\Kernel->handle(Object(Symfony\\Component\\Console\\Input\\ArgvInput), Object(Symfony\\Component\\Console\\Output\\ConsoleOutput))
#8 {main}
"} 
[2022-04-25 19:31:53] local.ERROR: Class 'Facade\Ignition\IgnitionServiceProvider' not found {"exception":"[object] (Error(code: 0): Class 'Facade\\Ignition\\IgnitionServiceProvider' not found at W:\\domains\\bot528\\vendor\\laravel\\framework\\src\\Illuminate\\Foundation\\Application.php:745)
[stacktrace]
#0 W:\\domains\\bot528\\vendor\\laravel\\framework\\src\\Illuminate\\Foundation\\Application.php(679): Illuminate\\Foundation\\Application->resolveProvider('Facade\\\\Ignition...')
#1 W:\\domains\\bot528\\vendor\\laravel\\framework\\src\\Illuminate\\Foundation\\ProviderRepository.php(75): Illuminate\\Foundation\\Application->register('Facade\\\\Ignition...')
#2 W:\\domains\\bot528\\vendor\\laravel\\framework\\src\\Illuminate\\Foundation\\Application.php(659): Illuminate\\Foundation\\ProviderRepository->load(Array)
#3 W:\\domains\\bot528\\vendor\\laravel\\framework\\src\\Illuminate\\Foundation\\Bootstrap\\RegisterProviders.php(17): Illuminate\\Foundation\\Application->registerConfiguredProviders()
#4 W:\\domains\\bot528\\vendor\\laravel\\framework\\src\\Illuminate\\Foundation\\Application.php(237): Illuminate\\Foundation\\Bootstrap\\RegisterProviders->bootstrap(Object(Illuminate\\Foundation\\Application))
#5 W:\\domains\\bot528\\vendor\\laravel\\framework\\src\\Illuminate\\Foundation\\Console\\Kernel.php(310): Illuminate\\Foundation\\Application->bootstrapWith(Array)
#6 W:\\domains\\bot528\\vendor\\laravel\\framework\\src\\Illuminate\\Foundation\\Console\\Kernel.php(127): Illuminate\\Foundation\\Console\\Kernel->bootstrap()
#7 W:\\domains\\bot528\\artisan(37): Illuminate\\Foundation\\Console\\Kernel->handle(Object(Symfony\\Component\\Console\\Input\\ArgvInput), Object(Symfony\\Component\\Console\\Output\\ConsoleOutput))
#8 {main}
"} 
[2022-04-25 19:32:31] local.ERROR: Class 'Facade\Ignition\IgnitionServiceProvider' not found {"exception":"[object] (Error(code: 0): Class 'Facade\\Ignition\\IgnitionServiceProvider' not found at W:\\domains\\bot528\\vendor\\laravel\\framework\\src\\Illuminate\\Foundation\\Application.php:745)
[stacktrace]
#0 W:\\domains\\bot528\\vendor\\laravel\\framework\\src\\Illuminate\\Foundation\\Application.php(679): Illuminate\\Foundation\\Application->resolveProvider('Facade\\\\Ignition...')
#1 W:\\domains\\bot528\\vendor\\laravel\\framework\\src\\Illuminate\\Foundation\\ProviderRepository.php(75): Illuminate\\Foundation\\Application->register('Facade\\\\Ignition...')
#2 W:\\domains\\bot528\\vendor\\laravel\\framework\\src\\Illuminate\\Foundation\\Application.php(659): Illuminate\\Foundation\\ProviderRepository->load(Array)
#3 W:\\domains\\bot528\\vendor\\laravel\\framework\\src\\Illuminate\\Foundation\\Bootstrap\\RegisterProviders.php(17): Illuminate\\Foundation\\Application->registerConfiguredProviders()
#4 W:\\domains\\bot528\\vendor\\laravel\\framework\\src\\Illuminate\\Foundation\\Application.php(237): Illuminate\\Foundation\\Bootstrap\\RegisterProviders->bootstrap(Object(Illuminate\\Foundation\\Application))
#5 W:\\domains\\bot528\\vendor\\laravel\\framework\\src\\Illuminate\\Foundation\\Console\\Kernel.php(310): Illuminate\\Foundation\\Application->bootstrapWith(Array)
#6 W:\\domains\\bot528\\vendor\\laravel\\framework\\src\\Illuminate\\Foundation\\Console\\Kernel.php(127): Illuminate\\Foundation\\Console\\Kernel->bootstrap()
#7 W:\\domains\\bot528\\artisan(37): Illuminate\\Foundation\\Console\\Kernel->handle(Object(Symfony\\Component\\Console\\Input\\ArgvInput), Object(Symfony\\Component\\Console\\Output\\ConsoleOutput))
#8 {main}
"} 
[2022-04-25 19:33:09] local.ERROR: Class 'Laravel\Sanctum\SanctumServiceProvider' not found {"exception":"[object] (Error(code: 0): Class 'Laravel\\Sanctum\\SanctumServiceProvider' not found at W:\\domains\\bot528\\vendor\\laravel\\framework\\src\\Illuminate\\Foundation\\Application.php:745)
[stacktrace]
#0 W:\\domains\\bot528\\vendor\\laravel\\framework\\src\\Illuminate\\Foundation\\Application.php(679): Illuminate\\Foundation\\Application->resolveProvider('Laravel\\\\Sanctum...')
#1 W:\\domains\\bot528\\vendor\\laravel\\framework\\src\\Illuminate\\Foundation\\ProviderRepository.php(75): Illuminate\\Foundation\\Application->register('Laravel\\\\Sanctum...')
#2 W:\\domains\\bot528\\vendor\\laravel\\framework\\src\\Illuminate\\Foundation\\Application.php(659): Illuminate\\Foundation\\ProviderRepository->load(Array)
#3 W:\\domains\\bot528\\vendor\\laravel\\framework\\src\\Illuminate\\Foundation\\Bootstrap\\RegisterProviders.php(17): Illuminate\\Foundation\\Application->registerConfiguredProviders()
#4 W:\\domains\\bot528\\vendor\\laravel\\framework\\src\\Illuminate\\Foundation\\Application.php(237): Illuminate\\Foundation\\Bootstrap\\RegisterProviders->bootstrap(Object(Illuminate\\Foundation\\Application))
#5 W:\\domains\\bot528\\vendor\\laravel\\framework\\src\\Illuminate\\Foundation\\Console\\Kernel.php(310): Illuminate\\Foundation\\Application->bootstrapWith(Array)
#6 W:\\domains\\bot528\\vendor\\laravel\\framework\\src\\Illuminate\\Foundation\\Console\\Kernel.php(127): Illuminate\\Foundation\\Console\\Kernel->bootstrap()
#7 W:\\domains\\bot528\\artisan(37): Illuminate\\Foundation\\Console\\Kernel->handle(Object(Symfony\\Component\\Console\\Input\\ArgvInput), Object(Symfony\\Component\\Console\\Output\\ConsoleOutput))
#8 {main}
"} 
[2022-04-25 19:33:40] local.ERROR: Class 'NunoMaduro\Collision\Adapters\Laravel\CollisionServiceProvider' not found {"exception":"[object] (Error(code: 0): Class 'NunoMaduro\\Collision\\Adapters\\Laravel\\CollisionServiceProvider' not found at W:\\domains\\bot528\\vendor\\laravel\\framework\\src\\Illuminate\\Foundation\\Application.php:745)
[stacktrace]
#0 W:\\domains\\bot528\\vendor\\laravel\\framework\\src\\Illuminate\\Foundation\\Application.php(679): Illuminate\\Foundation\\Application->resolveProvider('NunoMaduro\\\\Coll...')
#1 W:\\domains\\bot528\\vendor\\laravel\\framework\\src\\Illuminate\\Foundation\\ProviderRepository.php(75): Illuminate\\Foundation\\Application->register('NunoMaduro\\\\Coll...')
#2 W:\\domains\\bot528\\vendor\\laravel\\framework\\src\\Illuminate\\Foundation\\Application.php(659): Illuminate\\Foundation\\ProviderRepository->load(Array)
#3 W:\\domains\\bot528\\vendor\\laravel\\framework\\src\\Illuminate\\Foundation\\Bootstrap\\RegisterProviders.php(17): Illuminate\\Foundation\\Application->registerConfiguredProviders()
#4 W:\\domains\\bot528\\vendor\\laravel\\framework\\src\\Illuminate\\Foundation\\Application.php(237): Illuminate\\Foundation\\Bootstrap\\RegisterProviders->bootstrap(Object(Illuminate\\Foundation\\Application))
#5 W:\\domains\\bot528\\vendor\\laravel\\framework\\src\\Illuminate\\Foundation\\Console\\Kernel.php(310): Illuminate\\Foundation\\Application->bootstrapWith(Array)
#6 W:\\domains\\bot528\\vendor\\laravel\\framework\\src\\Illuminate\\Foundation\\Console\\Kernel.php(127): Illuminate\\Foundation\\Console\\Kernel->bootstrap()
#7 W:\\domains\\bot528\\artisan(37): Illuminate\\Foundation\\Console\\Kernel->handle(Object(Symfony\\Component\\Console\\Input\\ArgvInput), Object(Symfony\\Component\\Console\\Output\\ConsoleOutput))
#8 {main}
"} 
[2022-04-25 19:34:22] local.ERROR: Class 'NunoMaduro\Collision\Adapters\Laravel\CollisionServiceProvider' not found {"exception":"[object] (Error(code: 0): Class 'NunoMaduro\\Collision\\Adapters\\Laravel\\CollisionServiceProvider' not found at W:\\domains\\bot528\\vendor\\laravel\\framework\\src\\Illuminate\\Foundation\\Application.php:745)
[stacktrace]
#0 W:\\domains\\bot528\\vendor\\laravel\\framework\\src\\Illuminate\\Foundation\\Application.php(679): Illuminate\\Foundation\\Application->resolveProvider('NunoMaduro\\\\Coll...')
#1 W:\\domains\\bot528\\vendor\\laravel\\framework\\src\\Illuminate\\Foundation\\ProviderRepository.php(75): Illuminate\\Foundation\\Application->register('NunoMaduro\\\\Coll...')
#2 W:\\domains\\bot528\\vendor\\laravel\\framework\\src\\Illuminate\\Foundation\\Application.php(659): Illuminate\\Foundation\\ProviderRepository->load(Array)
#3 W:\\domains\\bot528\\vendor\\laravel\\framework\\src\\Illuminate\\Foundation\\Bootstrap\\RegisterProviders.php(17): Illuminate\\Foundation\\Application->registerConfiguredProviders()
#4 W:\\domains\\bot528\\vendor\\laravel\\framework\\src\\Illuminate\\Foundation\\Application.php(237): Illuminate\\Foundation\\Bootstrap\\RegisterProviders->bootstrap(Object(Illuminate\\Foundation\\Application))
#5 W:\\domains\\bot528\\vendor\\laravel\\framework\\src\\Illuminate\\Foundation\\Console\\Kernel.php(310): Illuminate\\Foundation\\Application->bootstrapWith(Array)
#6 W:\\domains\\bot528\\vendor\\laravel\\framework\\src\\Illuminate\\Foundation\\Console\\Kernel.php(127): Illuminate\\Foundation\\Console\\Kernel->bootstrap()
#7 W:\\domains\\bot528\\artisan(37): Illuminate\\Foundation\\Console\\Kernel->handle(Object(Symfony\\Component\\Console\\Input\\ArgvInput), Object(Symfony\\Component\\Console\\Output\\ConsoleOutput))
#8 {main}
"} 
[2022-04-25 19:36:39] local.ERROR: Class 'NunoMaduro\Collision\Adapters\Laravel\CollisionServiceProvider' not found {"exception":"[object] (Error(code: 0): Class 'NunoMaduro\\Collision\\Adapters\\Laravel\\CollisionServiceProvider' not found at W:\\domains\\bot528\\vendor\\laravel\\framework\\src\\Illuminate\\Foundation\\Application.php:745)
[stacktrace]
#0 W:\\domains\\bot528\\vendor\\laravel\\framework\\src\\Illuminate\\Foundation\\Application.php(679): Illuminate\\Foundation\\Application->resolveProvider('NunoMaduro\\\\Coll...')
#1 W:\\domains\\bot528\\vendor\\laravel\\framework\\src\\Illuminate\\Foundation\\ProviderRepository.php(75): Illuminate\\Foundation\\Application->register('NunoMaduro\\\\Coll...')
#2 W:\\domains\\bot528\\vendor\\laravel\\framework\\src\\Illuminate\\Foundation\\Application.php(659): Illuminate\\Foundation\\ProviderRepository->load(Array)
#3 W:\\domains\\bot528\\vendor\\laravel\\framework\\src\\Illuminate\\Foundation\\Bootstrap\\RegisterProviders.php(17): Illuminate\\Foundation\\Application->registerConfiguredProviders()
#4 W:\\domains\\bot528\\vendor\\laravel\\framework\\src\\Illuminate\\Foundation\\Application.php(237): Illuminate\\Foundation\\Bootstrap\\RegisterProviders->bootstrap(Object(Illuminate\\Foundation\\Application))
#5 W:\\domains\\bot528\\vendor\\laravel\\framework\\src\\Illuminate\\Foundation\\Console\\Kernel.php(310): Illuminate\\Foundation\\Application->bootstrapWith(Array)
#6 W:\\domains\\bot528\\vendor\\laravel\\framework\\src\\Illuminate\\Foundation\\Console\\Kernel.php(127): Illuminate\\Foundation\\Console\\Kernel->bootstrap()
#7 W:\\domains\\bot528\\artisan(37): Illuminate\\Foundation\\Console\\Kernel->handle(Object(Symfony\\Component\\Console\\Input\\ArgvInput), Object(Symfony\\Component\\Console\\Output\\ConsoleOutput))
#8 {main}
"} 
[2022-04-25 19:36:48] local.ERROR: Class 'NunoMaduro\Collision\Adapters\Laravel\CollisionServiceProvider' not found {"exception":"[object] (Error(code: 0): Class 'NunoMaduro\\Collision\\Adapters\\Laravel\\CollisionServiceProvider' not found at W:\\domains\\bot528\\vendor\\laravel\\framework\\src\\Illuminate\\Foundation\\Application.php:745)
[stacktrace]
#0 W:\\domains\\bot528\\vendor\\laravel\\framework\\src\\Illuminate\\Foundation\\Application.php(679): Illuminate\\Foundation\\Application->resolveProvider('NunoMaduro\\\\Coll...')
#1 W:\\domains\\bot528\\vendor\\laravel\\framework\\src\\Illuminate\\Foundation\\ProviderRepository.php(75): Illuminate\\Foundation\\Application->register('NunoMaduro\\\\Coll...')
#2 W:\\domains\\bot528\\vendor\\laravel\\framework\\src\\Illuminate\\Foundation\\Application.php(659): Illuminate\\Foundation\\ProviderRepository->load(Array)
#3 W:\\domains\\bot528\\vendor\\laravel\\framework\\src\\Illuminate\\Foundation\\Bootstrap\\RegisterProviders.php(17): Illuminate\\Foundation\\Application->registerConfiguredProviders()
#4 W:\\domains\\bot528\\vendor\\laravel\\framework\\src\\Illuminate\\Foundation\\Application.php(237): Illuminate\\Foundation\\Bootstrap\\RegisterProviders->bootstrap(Object(Illuminate\\Foundation\\Application))
#5 W:\\domains\\bot528\\vendor\\laravel\\framework\\src\\Illuminate\\Foundation\\Console\\Kernel.php(310): Illuminate\\Foundation\\Application->bootstrapWith(Array)
#6 W:\\domains\\bot528\\vendor\\laravel\\framework\\src\\Illuminate\\Foundation\\Console\\Kernel.php(127): Illuminate\\Foundation\\Console\\Kernel->bootstrap()
#7 W:\\domains\\bot528\\artisan(37): Illuminate\\Foundation\\Console\\Kernel->handle(Object(Symfony\\Component\\Console\\Input\\ArgvInput), Object(Symfony\\Component\\Console\\Output\\ConsoleOutput))
#8 {main}
"} 
[2022-04-25 19:40:06] local.ERROR: Class 'NunoMaduro\Collision\Adapters\Laravel\CollisionServiceProvider' not found {"exception":"[object] (Error(code: 0): Class 'NunoMaduro\\Collision\\Adapters\\Laravel\\CollisionServiceProvider' not found at W:\\domains\\bot528\\vendor\\laravel\\framework\\src\\Illuminate\\Foundation\\Application.php:745)
[stacktrace]
#0 W:\\domains\\bot528\\vendor\\laravel\\framework\\src\\Illuminate\\Foundation\\Application.php(679): Illuminate\\Foundation\\Application->resolveProvider('NunoMaduro\\\\Coll...')
#1 W:\\domains\\bot528\\vendor\\laravel\\framework\\src\\Illuminate\\Foundation\\ProviderRepository.php(75): Illuminate\\Foundation\\Application->register('NunoMaduro\\\\Coll...')
#2 W:\\domains\\bot528\\vendor\\laravel\\framework\\src\\Illuminate\\Foundation\\Application.php(659): Illuminate\\Foundation\\ProviderRepository->load(Array)
#3 W:\\domains\\bot528\\vendor\\laravel\\framework\\src\\Illuminate\\Foundation\\Bootstrap\\RegisterProviders.php(17): Illuminate\\Foundation\\Application->registerConfiguredProviders()
#4 W:\\domains\\bot528\\vendor\\laravel\\framework\\src\\Illuminate\\Foundation\\Application.php(237): Illuminate\\Foundation\\Bootstrap\\RegisterProviders->bootstrap(Object(Illuminate\\Foundation\\Application))
#5 W:\\domains\\bot528\\vendor\\laravel\\framework\\src\\Illuminate\\Foundation\\Console\\Kernel.php(310): Illuminate\\Foundation\\Application->bootstrapWith(Array)
#6 W:\\domains\\bot528\\vendor\\laravel\\framework\\src\\Illuminate\\Foundation\\Console\\Kernel.php(127): Illuminate\\Foundation\\Console\\Kernel->bootstrap()
#7 W:\\domains\\bot528\\artisan(37): Illuminate\\Foundation\\Console\\Kernel->handle(Object(Symfony\\Component\\Console\\Input\\ArgvInput), Object(Symfony\\Component\\Console\\Output\\ConsoleOutput))
#8 {main}
"} 
[2022-04-25 19:40:14] local.ERROR: Class 'NunoMaduro\Collision\Adapters\Laravel\CollisionServiceProvider' not found {"exception":"[object] (Error(code: 0): Class 'NunoMaduro\\Collision\\Adapters\\Laravel\\CollisionServiceProvider' not found at W:\\domains\\bot528\\vendor\\laravel\\framework\\src\\Illuminate\\Foundation\\Application.php:745)
[stacktrace]
#0 W:\\domains\\bot528\\vendor\\laravel\\framework\\src\\Illuminate\\Foundation\\Application.php(679): Illuminate\\Foundation\\Application->resolveProvider('NunoMaduro\\\\Coll...')
#1 W:\\domains\\bot528\\vendor\\laravel\\framework\\src\\Illuminate\\Foundation\\ProviderRepository.php(75): Illuminate\\Foundation\\Application->register('NunoMaduro\\\\Coll...')
#2 W:\\domains\\bot528\\vendor\\laravel\\framework\\src\\Illuminate\\Foundation\\Application.php(659): Illuminate\\Foundation\\ProviderRepository->load(Array)
#3 W:\\domains\\bot528\\vendor\\laravel\\framework\\src\\Illuminate\\Foundation\\Bootstrap\\RegisterProviders.php(17): Illuminate\\Foundation\\Application->registerConfiguredProviders()
#4 W:\\domains\\bot528\\vendor\\laravel\\framework\\src\\Illuminate\\Foundation\\Application.php(237): Illuminate\\Foundation\\Bootstrap\\RegisterProviders->bootstrap(Object(Illuminate\\Foundation\\Application))
#5 W:\\domains\\bot528\\vendor\\laravel\\framework\\src\\Illuminate\\Foundation\\Console\\Kernel.php(310): Illuminate\\Foundation\\Application->bootstrapWith(Array)
#6 W:\\domains\\bot528\\vendor\\laravel\\framework\\src\\Illuminate\\Foundation\\Console\\Kernel.php(127): Illuminate\\Foundation\\Console\\Kernel->bootstrap()
#7 W:\\domains\\bot528\\artisan(37): Illuminate\\Foundation\\Console\\Kernel->handle(Object(Symfony\\Component\\Console\\Input\\ArgvInput), Object(Symfony\\Component\\Console\\Output\\ConsoleOutput))
#8 {main}
"} 
[2022-04-25 19:47:56] local.ERROR: Class 'NunoMaduro\Collision\Adapters\Laravel\CollisionServiceProvider' not found {"exception":"[object] (Error(code: 0): Class 'NunoMaduro\\Collision\\Adapters\\Laravel\\CollisionServiceProvider' not found at W:\\domains\\bot528\\vendor\\laravel\\framework\\src\\Illuminate\\Foundation\\Application.php:745)
[stacktrace]
#0 W:\\domains\\bot528\\vendor\\laravel\\framework\\src\\Illuminate\\Foundation\\Application.php(679): Illuminate\\Foundation\\Application->resolveProvider('NunoMaduro\\\\Coll...')
#1 W:\\domains\\bot528\\vendor\\laravel\\framework\\src\\Illuminate\\Foundation\\ProviderRepository.php(75): Illuminate\\Foundation\\Application->register('NunoMaduro\\\\Coll...')
#2 W:\\domains\\bot528\\vendor\\laravel\\framework\\src\\Illuminate\\Foundation\\Application.php(659): Illuminate\\Foundation\\ProviderRepository->load(Array)
#3 W:\\domains\\bot528\\vendor\\laravel\\framework\\src\\Illuminate\\Foundation\\Bootstrap\\RegisterProviders.php(17): Illuminate\\Foundation\\Application->registerConfiguredProviders()
#4 W:\\domains\\bot528\\vendor\\laravel\\framework\\src\\Illuminate\\Foundation\\Application.php(237): Illuminate\\Foundation\\Bootstrap\\RegisterProviders->bootstrap(Object(Illuminate\\Foundation\\Application))
#5 W:\\domains\\bot528\\vendor\\laravel\\framework\\src\\Illuminate\\Foundation\\Console\\Kernel.php(310): Illuminate\\Foundation\\Application->bootstrapWith(Array)
#6 W:\\domains\\bot528\\vendor\\laravel\\framework\\src\\Illuminate\\Foundation\\Console\\Kernel.php(127): Illuminate\\Foundation\\Console\\Kernel->bootstrap()
#7 W:\\domains\\bot528\\artisan(37): Illuminate\\Foundation\\Console\\Kernel->handle(Object(Symfony\\Component\\Console\\Input\\ArgvInput), Object(Symfony\\Component\\Console\\Output\\ConsoleOutput))
#8 {main}
"} 
[2022-04-25 19:50:14] local.ERROR: Class 'Laravel\Sail\SailServiceProvider' not found {"exception":"[object] (Error(code: 0): Class 'Laravel\\Sail\\SailServiceProvider' not found at W:\\domains\\bot528\\vendor\\laravel\\framework\\src\\Illuminate\\Foundation\\Application.php:816)
[stacktrace]
#0 W:\\domains\\bot528\\vendor\\laravel\\framework\\src\\Illuminate\\Foundation\\Application.php(796): Illuminate\\Foundation\\Application->registerDeferredProvider('Laravel\\\\Sail\\\\Sa...', 'Laravel\\\\Sail\\\\Co...')
#1 W:\\domains\\bot528\\vendor\\laravel\\framework\\src\\Illuminate\\Foundation\\Application.php(772): Illuminate\\Foundation\\Application->loadDeferredProvider('Laravel\\\\Sail\\\\Co...')
#2 W:\\domains\\bot528\\vendor\\laravel\\framework\\src\\Illuminate\\Foundation\\Console\\Kernel.php(313): Illuminate\\Foundation\\Application->loadDeferredProviders()
#3 W:\\domains\\bot528\\vendor\\laravel\\framework\\src\\Illuminate\\Foundation\\Console\\Kernel.php(127): Illuminate\\Foundation\\Console\\Kernel->bootstrap()
#4 W:\\domains\\bot528\\artisan(37): Illuminate\\Foundation\\Console\\Kernel->handle(Object(Symfony\\Component\\Console\\Input\\ArgvInput), Object(Symfony\\Component\\Console\\Output\\ConsoleOutput))
#5 {main}
"} 
[2022-04-25 19:55:26] local.ERROR: SQLSTATE[HY000] [1049] Unknown database 'laravel' (SQL: select * from information_schema.tables where table_schema = laravel and table_name = migrations and table_type = 'BASE TABLE') {"exception":"[object] (Illuminate\\Database\\QueryException(code: 1049): SQLSTATE[HY000] [1049] Unknown database 'laravel' (SQL: select * from information_schema.tables where table_schema = laravel and table_name = migrations and table_type = 'BASE TABLE') at W:\\domains\\bot528\\vendor\\laravel\\framework\\src\\Illuminate\\Database\\Connection.php:712)
[stacktrace]
#0 W:\\domains\\bot528\\vendor\\laravel\\framework\\src\\Illuminate\\Database\\Connection.php(672): Illuminate\\Database\\Connection->runQueryCallback('select * from i...', Array, Object(Closure))
#1 W:\\domains\\bot528\\vendor\\laravel\\framework\\src\\Illuminate\\Database\\Connection.php(376): Illuminate\\Database\\Connection->run('select * from i...', Array, Object(Closure))
#2 W:\\domains\\bot528\\vendor\\laravel\\framework\\src\\Illuminate\\Database\\Schema\\MySqlBuilder.php(44): Illuminate\\Database\\Connection->select('select * from i...', Array)
#3 W:\\domains\\bot528\\vendor\\laravel\\framework\\src\\Illuminate\\Database\\Migrations\\DatabaseMigrationRepository.php(169): Illuminate\\Database\\Schema\\MySqlBuilder->hasTable('migrations')
#4 W:\\domains\\bot528\\vendor\\laravel\\framework\\src\\Illuminate\\Database\\Migrations\\Migrator.php(673): Illuminate\\Database\\Migrations\\DatabaseMigrationRepository->repositoryExists()
#5 W:\\domains\\bot528\\vendor\\laravel\\framework\\src\\Illuminate\\Database\\Console\\Migrations\\MigrateCommand.php(110): Illuminate\\Database\\Migrations\\Migrator->repositoryExists()
#6 W:\\domains\\bot528\\vendor\\laravel\\framework\\src\\Illuminate\\Database\\Console\\Migrations\\MigrateCommand.php(78): Illuminate\\Database\\Console\\Migrations\\MigrateCommand->prepareDatabase()
#7 W:\\domains\\bot528\\vendor\\laravel\\framework\\src\\Illuminate\\Database\\Migrations\\Migrator.php(606): Illuminate\\Database\\Console\\Migrations\\MigrateCommand->Illuminate\\Database\\Console\\Migrations\\{closure}()
#8 W:\\domains\\bot528\\vendor\\laravel\\framework\\src\\Illuminate\\Database\\Console\\Migrations\\MigrateCommand.php(98): Illuminate\\Database\\Migrations\\Migrator->usingConnection(NULL, Object(Closure))
#9 W:\\domains\\bot528\\vendor\\laravel\\framework\\src\\Illuminate\\Container\\BoundMethod.php(36): Illuminate\\Database\\Console\\Migrations\\MigrateCommand->handle()
#10 W:\\domains\\bot528\\vendor\\laravel\\framework\\src\\Illuminate\\Container\\Util.php(40): Illuminate\\Container\\BoundMethod::Illuminate\\Container\\{closure}()
#11 W:\\domains\\bot528\\vendor\\laravel\\framework\\src\\Illuminate\\Container\\BoundMethod.php(93): Illuminate\\Container\\Util::unwrapIfClosure(Object(Closure))
#12 W:\\domains\\bot528\\vendor\\laravel\\framework\\src\\Illuminate\\Container\\BoundMethod.php(37): Illuminate\\Container\\BoundMethod::callBoundMethod(Object(Illuminate\\Foundation\\Application), Array, Object(Closure))
#13 W:\\domains\\bot528\\vendor\\laravel\\framework\\src\\Illuminate\\Container\\Container.php(653): Illuminate\\Container\\BoundMethod::call(Object(Illuminate\\Foundation\\Application), Array, Array, NULL)
#14 W:\\domains\\bot528\\vendor\\laravel\\framework\\src\\Illuminate\\Console\\Command.php(136): Illuminate\\Container\\Container->call(Array)
#15 W:\\domains\\bot528\\vendor\\symfony\\console\\Command\\Command.php(298): Illuminate\\Console\\Command->execute(Object(Symfony\\Component\\Console\\Input\\ArgvInput), Object(Illuminate\\Console\\OutputStyle))
#16 W:\\domains\\bot528\\vendor\\laravel\\framework\\src\\Illuminate\\Console\\Command.php(121): Symfony\\Component\\Console\\Command\\Command->run(Object(Symfony\\Component\\Console\\Input\\ArgvInput), Object(Illuminate\\Console\\OutputStyle))
#17 W:\\domains\\bot528\\vendor\\symfony\\console\\Application.php(1015): Illuminate\\Console\\Command->run(Object(Symfony\\Component\\Console\\Input\\ArgvInput), Object(Symfony\\Component\\Console\\Output\\ConsoleOutput))
#18 W:\\domains\\bot528\\vendor\\symfony\\console\\Application.php(299): Symfony\\Component\\Console\\Application->doRunCommand(Object(Illuminate\\Database\\Console\\Migrations\\MigrateCommand), Object(Symfony\\Component\\Console\\Input\\ArgvInput), Object(Symfony\\Component\\Console\\Output\\ConsoleOutput))
#19 W:\\domains\\bot528\\vendor\\symfony\\console\\Application.php(171): Symfony\\Component\\Console\\Application->doRun(Object(Symfony\\Component\\Console\\Input\\ArgvInput), Object(Symfony\\Component\\Console\\Output\\ConsoleOutput))
#20 W:\\domains\\bot528\\vendor\\laravel\\framework\\src\\Illuminate\\Console\\Application.php(94): Symfony\\Component\\Console\\Application->run(Object(Symfony\\Component\\Console\\Input\\ArgvInput), Object(Symfony\\Component\\Console\\Output\\ConsoleOutput))
#21 W:\\domains\\bot528\\vendor\\laravel\\framework\\src\\Illuminate\\Foundation\\Console\\Kernel.php(129): Illuminate\\Console\\Application->run(Object(Symfony\\Component\\Console\\Input\\ArgvInput), Object(Symfony\\Component\\Console\\Output\\ConsoleOutput))
#22 W:\\domains\\bot528\\artisan(37): Illuminate\\Foundation\\Console\\Kernel->handle(Object(Symfony\\Component\\Console\\Input\\ArgvInput), Object(Symfony\\Component\\Console\\Output\\ConsoleOutput))
#23 {main}

[previous exception] [object] (PDOException(code: 1049): SQLSTATE[HY000] [1049] Unknown database 'laravel' at W:\\domains\\bot528\\vendor\\laravel\\framework\\src\\Illuminate\\Database\\Connectors\\Connector.php:70)
[stacktrace]
#0 W:\\domains\\bot528\\vendor\\laravel\\framework\\src\\Illuminate\\Database\\Connectors\\Connector.php(70): PDO->__construct('mysql:host=127....', 'root', '', Array)
#1 W:\\domains\\bot528\\vendor\\laravel\\framework\\src\\Illuminate\\Database\\Connectors\\Connector.php(46): Illuminate\\Database\\Connectors\\Connector->createPdoConnection('mysql:host=127....', 'root', '', Array)
#2 W:\\domains\\bot528\\vendor\\laravel\\framework\\src\\Illuminate\\Database\\Connectors\\MySqlConnector.php(24): Illuminate\\Database\\Connectors\\Connector->createConnection('mysql:host=127....', Array, Array)
#3 W:\\domains\\bot528\\vendor\\laravel\\framework\\src\\Illuminate\\Database\\Connectors\\ConnectionFactory.php(184): Illuminate\\Database\\Connectors\\MySqlConnector->connect(Array)
#4 [internal function]: Illuminate\\Database\\Connectors\\ConnectionFactory->Illuminate\\Database\\Connectors\\{closure}()
#5 W:\\domains\\bot528\\vendor\\laravel\\framework\\src\\Illuminate\\Database\\Connection.php(1064): call_user_func(Object(Closure))
#6 W:\\domains\\bot528\\vendor\\laravel\\framework\\src\\Illuminate\\Database\\Connection.php(1100): Illuminate\\Database\\Connection->getPdo()
#7 W:\\domains\\bot528\\vendor\\laravel\\framework\\src\\Illuminate\\Database\\Connection.php(442): Illuminate\\Database\\Connection->getReadPdo()
#8 W:\\domains\\bot528\\vendor\\laravel\\framework\\src\\Illuminate\\Database\\Connection.php(368): Illuminate\\Database\\Connection->getPdoForSelect(true)
#9 W:\\domains\\bot528\\vendor\\laravel\\framework\\src\\Illuminate\\Database\\Connection.php(705): Illuminate\\Database\\Connection->Illuminate\\Database\\{closure}('select * from i...', Array)
#10 W:\\domains\\bot528\\vendor\\laravel\\framework\\src\\Illuminate\\Database\\Connection.php(672): Illuminate\\Database\\Connection->runQueryCallback('select * from i...', Array, Object(Closure))
#11 W:\\domains\\bot528\\vendor\\laravel\\framework\\src\\Illuminate\\Database\\Connection.php(376): Illuminate\\Database\\Connection->run('select * from i...', Array, Object(Closure))
#12 W:\\domains\\bot528\\vendor\\laravel\\framework\\src\\Illuminate\\Database\\Schema\\MySqlBuilder.php(44): Illuminate\\Database\\Connection->select('select * from i...', Array)
#13 W:\\domains\\bot528\\vendor\\laravel\\framework\\src\\Illuminate\\Database\\Migrations\\DatabaseMigrationRepository.php(169): Illuminate\\Database\\Schema\\MySqlBuilder->hasTable('migrations')
#14 W:\\domains\\bot528\\vendor\\laravel\\framework\\src\\Illuminate\\Database\\Migrations\\Migrator.php(673): Illuminate\\Database\\Migrations\\DatabaseMigrationRepository->repositoryExists()
#15 W:\\domains\\bot528\\vendor\\laravel\\framework\\src\\Illuminate\\Database\\Console\\Migrations\\MigrateCommand.php(110): Illuminate\\Database\\Migrations\\Migrator->repositoryExists()
#16 W:\\domains\\bot528\\vendor\\laravel\\framework\\src\\Illuminate\\Database\\Console\\Migrations\\MigrateCommand.php(78): Illuminate\\Database\\Console\\Migrations\\MigrateCommand->prepareDatabase()
#17 W:\\domains\\bot528\\vendor\\laravel\\framework\\src\\Illuminate\\Database\\Migrations\\Migrator.php(606): Illuminate\\Database\\Console\\Migrations\\MigrateCommand->Illuminate\\Database\\Console\\Migrations\\{closure}()
#18 W:\\domains\\bot528\\vendor\\laravel\\framework\\src\\Illuminate\\Database\\Console\\Migrations\\MigrateCommand.php(98): Illuminate\\Database\\Migrations\\Migrator->usingConnection(NULL, Object(Closure))
#19 W:\\domains\\bot528\\vendor\\laravel\\framework\\src\\Illuminate\\Container\\BoundMethod.php(36): Illuminate\\Database\\Console\\Migrations\\MigrateCommand->handle()
#20 W:\\domains\\bot528\\vendor\\laravel\\framework\\src\\Illuminate\\Container\\Util.php(40): Illuminate\\Container\\BoundMethod::Illuminate\\Container\\{closure}()
#21 W:\\domains\\bot528\\vendor\\laravel\\framework\\src\\Illuminate\\Container\\BoundMethod.php(93): Illuminate\\Container\\Util::unwrapIfClosure(Object(Closure))
#22 W:\\domains\\bot528\\vendor\\laravel\\framework\\src\\Illuminate\\Container\\BoundMethod.php(37): Illuminate\\Container\\BoundMethod::callBoundMethod(Object(Illuminate\\Foundation\\Application), Array, Object(Closure))
#23 W:\\domains\\bot528\\vendor\\laravel\\framework\\src\\Illuminate\\Container\\Container.php(653): Illuminate\\Container\\BoundMethod::call(Object(Illuminate\\Foundation\\Application), Array, Array, NULL)
#24 W:\\domains\\bot528\\vendor\\laravel\\framework\\src\\Illuminate\\Console\\Command.php(136): Illuminate\\Container\\Container->call(Array)
#25 W:\\domains\\bot528\\vendor\\symfony\\console\\Command\\Command.php(298): Illuminate\\Console\\Command->execute(Object(Symfony\\Component\\Console\\Input\\ArgvInput), Object(Illuminate\\Console\\OutputStyle))
#26 W:\\domains\\bot528\\vendor\\laravel\\framework\\src\\Illuminate\\Console\\Command.php(121): Symfony\\Component\\Console\\Command\\Command->run(Object(Symfony\\Component\\Console\\Input\\ArgvInput), Object(Illuminate\\Console\\OutputStyle))
#27 W:\\domains\\bot528\\vendor\\symfony\\console\\Application.php(1015): Illuminate\\Console\\Command->run(Object(Symfony\\Component\\Console\\Input\\ArgvInput), Object(Symfony\\Component\\Console\\Output\\ConsoleOutput))
#28 W:\\domains\\bot528\\vendor\\symfony\\console\\Application.php(299): Symfony\\Component\\Console\\Application->doRunCommand(Object(Illuminate\\Database\\Console\\Migrations\\MigrateCommand), Object(Symfony\\Component\\Console\\Input\\ArgvInput), Object(Symfony\\Component\\Console\\Output\\ConsoleOutput))
#29 W:\\domains\\bot528\\vendor\\symfony\\console\\Application.php(171): Symfony\\Component\\Console\\Application->doRun(Object(Symfony\\Component\\Console\\Input\\ArgvInput), Object(Symfony\\Component\\Console\\Output\\ConsoleOutput))
#30 W:\\domains\\bot528\\vendor\\laravel\\framework\\src\\Illuminate\\Console\\Application.php(94): Symfony\\Component\\Console\\Application->run(Object(Symfony\\Component\\Console\\Input\\ArgvInput), Object(Symfony\\Component\\Console\\Output\\ConsoleOutput))
#31 W:\\domains\\bot528\\vendor\\laravel\\framework\\src\\Illuminate\\Foundation\\Console\\Kernel.php(129): Illuminate\\Console\\Application->run(Object(Symfony\\Component\\Console\\Input\\ArgvInput), Object(Symfony\\Component\\Console\\Output\\ConsoleOutput))
#32 W:\\domains\\bot528\\artisan(37): Illuminate\\Foundation\\Console\\Kernel->handle(Object(Symfony\\Component\\Console\\Input\\ArgvInput), Object(Symfony\\Component\\Console\\Output\\ConsoleOutput))
#33 {main}
"} 
[2022-04-25 19:56:17] local.ERROR: SQLSTATE[HY000] [1045] Access denied for user 'bot527_dev'@'localhost' (using password: YES) (SQL: select * from information_schema.tables where table_schema = u_bot527_dev and table_name = migrations and table_type = 'BASE TABLE') {"exception":"[object] (Illuminate\\Database\\QueryException(code: 1045): SQLSTATE[HY000] [1045] Access denied for user 'bot527_dev'@'localhost' (using password: YES) (SQL: select * from information_schema.tables where table_schema = u_bot527_dev and table_name = migrations and table_type = 'BASE TABLE') at W:\\domains\\bot528\\vendor\\laravel\\framework\\src\\Illuminate\\Database\\Connection.php:712)
[stacktrace]
#0 W:\\domains\\bot528\\vendor\\laravel\\framework\\src\\Illuminate\\Database\\Connection.php(672): Illuminate\\Database\\Connection->runQueryCallback('select * from i...', Array, Object(Closure))
#1 W:\\domains\\bot528\\vendor\\laravel\\framework\\src\\Illuminate\\Database\\Connection.php(376): Illuminate\\Database\\Connection->run('select * from i...', Array, Object(Closure))
#2 W:\\domains\\bot528\\vendor\\laravel\\framework\\src\\Illuminate\\Database\\Schema\\MySqlBuilder.php(44): Illuminate\\Database\\Connection->select('select * from i...', Array)
#3 W:\\domains\\bot528\\vendor\\laravel\\framework\\src\\Illuminate\\Database\\Migrations\\DatabaseMigrationRepository.php(169): Illuminate\\Database\\Schema\\MySqlBuilder->hasTable('migrations')
#4 W:\\domains\\bot528\\vendor\\laravel\\framework\\src\\Illuminate\\Database\\Migrations\\Migrator.php(673): Illuminate\\Database\\Migrations\\DatabaseMigrationRepository->repositoryExists()
#5 W:\\domains\\bot528\\vendor\\laravel\\framework\\src\\Illuminate\\Database\\Console\\Migrations\\MigrateCommand.php(110): Illuminate\\Database\\Migrations\\Migrator->repositoryExists()
#6 W:\\domains\\bot528\\vendor\\laravel\\framework\\src\\Illuminate\\Database\\Console\\Migrations\\MigrateCommand.php(78): Illuminate\\Database\\Console\\Migrations\\MigrateCommand->prepareDatabase()
#7 W:\\domains\\bot528\\vendor\\laravel\\framework\\src\\Illuminate\\Database\\Migrations\\Migrator.php(606): Illuminate\\Database\\Console\\Migrations\\MigrateCommand->Illuminate\\Database\\Console\\Migrations\\{closure}()
#8 W:\\domains\\bot528\\vendor\\laravel\\framework\\src\\Illuminate\\Database\\Console\\Migrations\\MigrateCommand.php(98): Illuminate\\Database\\Migrations\\Migrator->usingConnection(NULL, Object(Closure))
#9 W:\\domains\\bot528\\vendor\\laravel\\framework\\src\\Illuminate\\Container\\BoundMethod.php(36): Illuminate\\Database\\Console\\Migrations\\MigrateCommand->handle()
#10 W:\\domains\\bot528\\vendor\\laravel\\framework\\src\\Illuminate\\Container\\Util.php(40): Illuminate\\Container\\BoundMethod::Illuminate\\Container\\{closure}()
#11 W:\\domains\\bot528\\vendor\\laravel\\framework\\src\\Illuminate\\Container\\BoundMethod.php(93): Illuminate\\Container\\Util::unwrapIfClosure(Object(Closure))
#12 W:\\domains\\bot528\\vendor\\laravel\\framework\\src\\Illuminate\\Container\\BoundMethod.php(37): Illuminate\\Container\\BoundMethod::callBoundMethod(Object(Illuminate\\Foundation\\Application), Array, Object(Closure))
#13 W:\\domains\\bot528\\vendor\\laravel\\framework\\src\\Illuminate\\Container\\Container.php(653): Illuminate\\Container\\BoundMethod::call(Object(Illuminate\\Foundation\\Application), Array, Array, NULL)
#14 W:\\domains\\bot528\\vendor\\laravel\\framework\\src\\Illuminate\\Console\\Command.php(136): Illuminate\\Container\\Container->call(Array)
#15 W:\\domains\\bot528\\vendor\\symfony\\console\\Command\\Command.php(298): Illuminate\\Console\\Command->execute(Object(Symfony\\Component\\Console\\Input\\ArgvInput), Object(Illuminate\\Console\\OutputStyle))
#16 W:\\domains\\bot528\\vendor\\laravel\\framework\\src\\Illuminate\\Console\\Command.php(121): Symfony\\Component\\Console\\Command\\Command->run(Object(Symfony\\Component\\Console\\Input\\ArgvInput), Object(Illuminate\\Console\\OutputStyle))
#17 W:\\domains\\bot528\\vendor\\symfony\\console\\Application.php(1015): Illuminate\\Console\\Command->run(Object(Symfony\\Component\\Console\\Input\\ArgvInput), Object(Symfony\\Component\\Console\\Output\\ConsoleOutput))
#18 W:\\domains\\bot528\\vendor\\symfony\\console\\Application.php(299): Symfony\\Component\\Console\\Application->doRunCommand(Object(Illuminate\\Database\\Console\\Migrations\\MigrateCommand), Object(Symfony\\Component\\Console\\Input\\ArgvInput), Object(Symfony\\Component\\Console\\Output\\ConsoleOutput))
#19 W:\\domains\\bot528\\vendor\\symfony\\console\\Application.php(171): Symfony\\Component\\Console\\Application->doRun(Object(Symfony\\Component\\Console\\Input\\ArgvInput), Object(Symfony\\Component\\Console\\Output\\ConsoleOutput))
#20 W:\\domains\\bot528\\vendor\\laravel\\framework\\src\\Illuminate\\Console\\Application.php(94): Symfony\\Component\\Console\\Application->run(Object(Symfony\\Component\\Console\\Input\\ArgvInput), Object(Symfony\\Component\\Console\\Output\\ConsoleOutput))
#21 W:\\domains\\bot528\\vendor\\laravel\\framework\\src\\Illuminate\\Foundation\\Console\\Kernel.php(129): Illuminate\\Console\\Application->run(Object(Symfony\\Component\\Console\\Input\\ArgvInput), Object(Symfony\\Component\\Console\\Output\\ConsoleOutput))
#22 W:\\domains\\bot528\\artisan(37): Illuminate\\Foundation\\Console\\Kernel->handle(Object(Symfony\\Component\\Console\\Input\\ArgvInput), Object(Symfony\\Component\\Console\\Output\\ConsoleOutput))
#23 {main}

[previous exception] [object] (PDOException(code: 1045): SQLSTATE[HY000] [1045] Access denied for user 'bot527_dev'@'localhost' (using password: YES) at W:\\domains\\bot528\\vendor\\laravel\\framework\\src\\Illuminate\\Database\\Connectors\\Connector.php:70)
[stacktrace]
#0 W:\\domains\\bot528\\vendor\\laravel\\framework\\src\\Illuminate\\Database\\Connectors\\Connector.php(70): PDO->__construct('mysql:host=127....', 'bot527_dev', 'TU4PkUV0DQej', Array)
#1 W:\\domains\\bot528\\vendor\\laravel\\framework\\src\\Illuminate\\Database\\Connectors\\Connector.php(46): Illuminate\\Database\\Connectors\\Connector->createPdoConnection('mysql:host=127....', 'bot527_dev', 'TU4PkUV0DQej', Array)
#2 W:\\domains\\bot528\\vendor\\laravel\\framework\\src\\Illuminate\\Database\\Connectors\\MySqlConnector.php(24): Illuminate\\Database\\Connectors\\Connector->createConnection('mysql:host=127....', Array, Array)
#3 W:\\domains\\bot528\\vendor\\laravel\\framework\\src\\Illuminate\\Database\\Connectors\\ConnectionFactory.php(184): Illuminate\\Database\\Connectors\\MySqlConnector->connect(Array)
#4 [internal function]: Illuminate\\Database\\Connectors\\ConnectionFactory->Illuminate\\Database\\Connectors\\{closure}()
#5 W:\\domains\\bot528\\vendor\\laravel\\framework\\src\\Illuminate\\Database\\Connection.php(1064): call_user_func(Object(Closure))
#6 W:\\domains\\bot528\\vendor\\laravel\\framework\\src\\Illuminate\\Database\\Connection.php(1100): Illuminate\\Database\\Connection->getPdo()
#7 W:\\domains\\bot528\\vendor\\laravel\\framework\\src\\Illuminate\\Database\\Connection.php(442): Illuminate\\Database\\Connection->getReadPdo()
#8 W:\\domains\\bot528\\vendor\\laravel\\framework\\src\\Illuminate\\Database\\Connection.php(368): Illuminate\\Database\\Connection->getPdoForSelect(true)
#9 W:\\domains\\bot528\\vendor\\laravel\\framework\\src\\Illuminate\\Database\\Connection.php(705): Illuminate\\Database\\Connection->Illuminate\\Database\\{closure}('select * from i...', Array)
#10 W:\\domains\\bot528\\vendor\\laravel\\framework\\src\\Illuminate\\Database\\Connection.php(672): Illuminate\\Database\\Connection->runQueryCallback('select * from i...', Array, Object(Closure))
#11 W:\\domains\\bot528\\vendor\\laravel\\framework\\src\\Illuminate\\Database\\Connection.php(376): Illuminate\\Database\\Connection->run('select * from i...', Array, Object(Closure))
#12 W:\\domains\\bot528\\vendor\\laravel\\framework\\src\\Illuminate\\Database\\Schema\\MySqlBuilder.php(44): Illuminate\\Database\\Connection->select('select * from i...', Array)
#13 W:\\domains\\bot528\\vendor\\laravel\\framework\\src\\Illuminate\\Database\\Migrations\\DatabaseMigrationRepository.php(169): Illuminate\\Database\\Schema\\MySqlBuilder->hasTable('migrations')
#14 W:\\domains\\bot528\\vendor\\laravel\\framework\\src\\Illuminate\\Database\\Migrations\\Migrator.php(673): Illuminate\\Database\\Migrations\\DatabaseMigrationRepository->repositoryExists()
#15 W:\\domains\\bot528\\vendor\\laravel\\framework\\src\\Illuminate\\Database\\Console\\Migrations\\MigrateCommand.php(110): Illuminate\\Database\\Migrations\\Migrator->repositoryExists()
#16 W:\\domains\\bot528\\vendor\\laravel\\framework\\src\\Illuminate\\Database\\Console\\Migrations\\MigrateCommand.php(78): Illuminate\\Database\\Console\\Migrations\\MigrateCommand->prepareDatabase()
#17 W:\\domains\\bot528\\vendor\\laravel\\framework\\src\\Illuminate\\Database\\Migrations\\Migrator.php(606): Illuminate\\Database\\Console\\Migrations\\MigrateCommand->Illuminate\\Database\\Console\\Migrations\\{closure}()
#18 W:\\domains\\bot528\\vendor\\laravel\\framework\\src\\Illuminate\\Database\\Console\\Migrations\\MigrateCommand.php(98): Illuminate\\Database\\Migrations\\Migrator->usingConnection(NULL, Object(Closure))
#19 W:\\domains\\bot528\\vendor\\laravel\\framework\\src\\Illuminate\\Container\\BoundMethod.php(36): Illuminate\\Database\\Console\\Migrations\\MigrateCommand->handle()
#20 W:\\domains\\bot528\\vendor\\laravel\\framework\\src\\Illuminate\\Container\\Util.php(40): Illuminate\\Container\\BoundMethod::Illuminate\\Container\\{closure}()
#21 W:\\domains\\bot528\\vendor\\laravel\\framework\\src\\Illuminate\\Container\\BoundMethod.php(93): Illuminate\\Container\\Util::unwrapIfClosure(Object(Closure))
#22 W:\\domains\\bot528\\vendor\\laravel\\framework\\src\\Illuminate\\Container\\BoundMethod.php(37): Illuminate\\Container\\BoundMethod::callBoundMethod(Object(Illuminate\\Foundation\\Application), Array, Object(Closure))
#23 W:\\domains\\bot528\\vendor\\laravel\\framework\\src\\Illuminate\\Container\\Container.php(653): Illuminate\\Container\\BoundMethod::call(Object(Illuminate\\Foundation\\Application), Array, Array, NULL)
#24 W:\\domains\\bot528\\vendor\\laravel\\framework\\src\\Illuminate\\Console\\Command.php(136): Illuminate\\Container\\Container->call(Array)
#25 W:\\domains\\bot528\\vendor\\symfony\\console\\Command\\Command.php(298): Illuminate\\Console\\Command->execute(Object(Symfony\\Component\\Console\\Input\\ArgvInput), Object(Illuminate\\Console\\OutputStyle))
#26 W:\\domains\\bot528\\vendor\\laravel\\framework\\src\\Illuminate\\Console\\Command.php(121): Symfony\\Component\\Console\\Command\\Command->run(Object(Symfony\\Component\\Console\\Input\\ArgvInput), Object(Illuminate\\Console\\OutputStyle))
#27 W:\\domains\\bot528\\vendor\\symfony\\console\\Application.php(1015): Illuminate\\Console\\Command->run(Object(Symfony\\Component\\Console\\Input\\ArgvInput), Object(Symfony\\Component\\Console\\Output\\ConsoleOutput))
#28 W:\\domains\\bot528\\vendor\\symfony\\console\\Application.php(299): Symfony\\Component\\Console\\Application->doRunCommand(Object(Illuminate\\Database\\Console\\Migrations\\MigrateCommand), Object(Symfony\\Component\\Console\\Input\\ArgvInput), Object(Symfony\\Component\\Console\\Output\\ConsoleOutput))
#29 W:\\domains\\bot528\\vendor\\symfony\\console\\Application.php(171): Symfony\\Component\\Console\\Application->doRun(Object(Symfony\\Component\\Console\\Input\\ArgvInput), Object(Symfony\\Component\\Console\\Output\\ConsoleOutput))
#30 W:\\domains\\bot528\\vendor\\laravel\\framework\\src\\Illuminate\\Console\\Application.php(94): Symfony\\Component\\Console\\Application->run(Object(Symfony\\Component\\Console\\Input\\ArgvInput), Object(Symfony\\Component\\Console\\Output\\ConsoleOutput))
#31 W:\\domains\\bot528\\vendor\\laravel\\framework\\src\\Illuminate\\Foundation\\Console\\Kernel.php(129): Illuminate\\Console\\Application->run(Object(Symfony\\Component\\Console\\Input\\ArgvInput), Object(Symfony\\Component\\Console\\Output\\ConsoleOutput))
#32 W:\\domains\\bot528\\artisan(37): Illuminate\\Foundation\\Console\\Kernel->handle(Object(Symfony\\Component\\Console\\Input\\ArgvInput), Object(Symfony\\Component\\Console\\Output\\ConsoleOutput))
#33 {main}
"} 
